[17/09/28 18:00:22,935] [INFO] Spider.run --> Spider huobiduihuan.51240.com started!
[17/09/28 18:00:24,133] [INFO] HttpClientDownloader.download --> downloading page success https://huobiduihuan.51240.com/
[17/09/28 18:00:24,388] [ERROR] AbstractSpider.writeHtml -->  write file error , %s
java.io.FileNotFoundException: demo.html (系统找不到指定的文件。)
	at java.io.FileInputStream.open0(Native Method)
	at java.io.FileInputStream.open(FileInputStream.java:195)
	at java.io.FileInputStream.<init>(FileInputStream.java:138)
	at java.io.FileInputStream.<init>(FileInputStream.java:93)
	at com.game.spider.AbstractSpider.writeHtml(AbstractSpider.java:504)
	at com.game.spider.spiders.SpiderTecent.takeContent(SpiderTecent.java:39)
	at com.game.spider.AbstractSpider.process(AbstractSpider.java:98)
	at us.codecraft.webmagic.Spider.onDownloadSuccess(Spider.java:414)
	at us.codecraft.webmagic.Spider.processRequest(Spider.java:406)
	at us.codecraft.webmagic.Spider.access$000(Spider.java:61)
	at us.codecraft.webmagic.Spider$1.run(Spider.java:320)
	at us.codecraft.webmagic.thread.CountableThreadPool$1.run(CountableThreadPool.java:74)
	at java.util.concurrent.ThreadPoolExecutor.runWorker(ThreadPoolExecutor.java:1142)
	at java.util.concurrent.ThreadPoolExecutor$Worker.run(ThreadPoolExecutor.java:617)
	at java.lang.Thread.run(Thread.java:745)
[17/09/28 18:00:25,391] [INFO] Spider.run --> Spider huobiduihuan.51240.com closed! 1 pages downloaded.
[17/09/28 18:02:47,177] [INFO] Spider.run --> Spider huobiduihuan.51240.com started!
[17/09/28 18:02:47,649] [INFO] HttpClientDownloader.download --> downloading page success https://huobiduihuan.51240.com/
[17/09/28 18:02:47,801] [ERROR] AbstractSpider.writeHtml -->  write file error , %s
java.io.FileNotFoundException: demo.html (系统找不到指定的文件。)
	at java.io.FileInputStream.open0(Native Method)
	at java.io.FileInputStream.open(FileInputStream.java:195)
	at java.io.FileInputStream.<init>(FileInputStream.java:138)
	at java.io.FileInputStream.<init>(FileInputStream.java:93)
	at com.game.spider.AbstractSpider.writeHtml(AbstractSpider.java:504)
	at com.game.spider.spiders.SpiderTecent.takeContent(SpiderTecent.java:39)
	at com.game.spider.AbstractSpider.process(AbstractSpider.java:98)
	at us.codecraft.webmagic.Spider.onDownloadSuccess(Spider.java:414)
	at us.codecraft.webmagic.Spider.processRequest(Spider.java:406)
	at us.codecraft.webmagic.Spider.access$000(Spider.java:61)
	at us.codecraft.webmagic.Spider$1.run(Spider.java:320)
	at us.codecraft.webmagic.thread.CountableThreadPool$1.run(CountableThreadPool.java:74)
	at java.util.concurrent.ThreadPoolExecutor.runWorker(ThreadPoolExecutor.java:1142)
	at java.util.concurrent.ThreadPoolExecutor$Worker.run(ThreadPoolExecutor.java:617)
	at java.lang.Thread.run(Thread.java:745)
[17/09/28 18:02:48,805] [INFO] Spider.run --> Spider huobiduihuan.51240.com closed! 1 pages downloaded.
[17/09/28 18:04:52,757] [INFO] Spider.run --> Spider huobiduihuan.51240.com started!
[17/09/28 18:04:53,194] [INFO] HttpClientDownloader.download --> downloading page success https://huobiduihuan.51240.com/
[17/09/28 18:04:54,373] [INFO] Spider.run --> Spider huobiduihuan.51240.com closed! 1 pages downloaded.
[17/09/28 18:28:14,916] [INFO] Spider.run --> Spider huobiduihuan.51240.com started!
[17/09/28 18:28:15,847] [INFO] HttpClientDownloader.download --> downloading page success https://huobiduihuan.51240.com/
[17/09/28 18:28:17,136] [INFO] Spider.run --> Spider huobiduihuan.51240.com closed! 1 pages downloaded.
[17/09/28 18:30:00,040] [INFO] Spider.run --> Spider huobiduihuan.51240.com started!
[17/09/28 18:30:00,538] [INFO] HttpClientDownloader.download --> downloading page success https://huobiduihuan.51240.com/
[17/09/28 18:30:01,724] [INFO] Spider.run --> Spider huobiduihuan.51240.com closed! 1 pages downloaded.
[17/09/28 18:33:07,693] [INFO] Spider.run --> Spider huobiduihuan.51240.com started!
[17/09/28 18:33:08,191] [INFO] HttpClientDownloader.download --> downloading page success https://huobiduihuan.51240.com/
[17/09/28 18:33:09,381] [INFO] Spider.run --> Spider huobiduihuan.51240.com closed! 1 pages downloaded.
[17/09/28 18:37:32,763] [INFO] Spider.run --> Spider huobiduihuan.51240.com started!
[17/09/28 18:37:33,229] [INFO] HttpClientDownloader.download --> downloading page success https://huobiduihuan.51240.com/
[17/09/28 18:38:04,396] [INFO] Spider.run --> Spider huobiduihuan.51240.com closed! 1 pages downloaded.
[17/09/28 18:39:02,125] [INFO] Spider.run --> Spider huobiduihuan.51240.com started!
[17/09/28 18:39:02,613] [INFO] HttpClientDownloader.download --> downloading page success https://huobiduihuan.51240.com/
[17/09/28 18:39:03,796] [INFO] Spider.run --> Spider huobiduihuan.51240.com closed! 1 pages downloaded.
[17/09/28 18:48:39,247] [INFO] Spider.run --> Spider huobiduihuan.51240.com started!
[17/09/28 18:48:39,777] [INFO] HttpClientDownloader.download --> downloading page success https://huobiduihuan.51240.com/
[17/09/28 18:48:40,956] [INFO] Spider.run --> Spider huobiduihuan.51240.com closed! 1 pages downloaded.
[17/09/28 18:49:23,175] [INFO] Spider.run --> Spider huobiduihuan.51240.com started!
[17/09/28 18:49:23,697] [INFO] HttpClientDownloader.download --> downloading page success https://huobiduihuan.51240.com/
[17/09/28 18:49:24,864] [INFO] Spider.run --> Spider huobiduihuan.51240.com closed! 1 pages downloaded.
[17/09/28 18:50:16,793] [INFO] Spider.run --> Spider huobiduihuan.51240.com started!
[17/09/28 18:50:17,247] [INFO] HttpClientDownloader.download --> downloading page success https://huobiduihuan.51240.com/
[17/09/28 18:50:18,424] [INFO] Spider.run --> Spider huobiduihuan.51240.com closed! 1 pages downloaded.
[17/09/28 18:51:07,865] [INFO] Spider.run --> Spider huobiduihuan.51240.com started!
[17/09/28 18:51:08,352] [INFO] HttpClientDownloader.download --> downloading page success https://huobiduihuan.51240.com/
[17/09/28 18:51:39,571] [INFO] Spider.run --> Spider huobiduihuan.51240.com closed! 1 pages downloaded.
[17/09/28 18:58:01,653] [INFO] Spider.run --> Spider huobiduihuan.51240.com started!
[17/09/28 18:58:02,582] [INFO] HttpClientDownloader.download --> downloading page success https://huobiduihuan.51240.com/
[17/09/28 18:58:02,764] [ERROR] AbstractSpider.writeHtml -->  write file error , %s
java.io.FileNotFoundException: \Tecent-2017-09-28|18-58-02.html (文件名、目录名或卷标语法不正确。)
	at java.io.FileOutputStream.open0(Native Method)
	at java.io.FileOutputStream.open(FileOutputStream.java:270)
	at java.io.FileOutputStream.<init>(FileOutputStream.java:213)
	at java.io.FileOutputStream.<init>(FileOutputStream.java:101)
	at com.game.spider.AbstractSpider.writeHtml(AbstractSpider.java:524)
	at com.game.spider.spiders.SpiderTecent.takeContent(SpiderTecent.java:40)
	at com.game.spider.AbstractSpider.process(AbstractSpider.java:101)
	at us.codecraft.webmagic.Spider.onDownloadSuccess(Spider.java:414)
	at us.codecraft.webmagic.Spider.processRequest(Spider.java:406)
	at us.codecraft.webmagic.Spider.access$000(Spider.java:61)
	at us.codecraft.webmagic.Spider$1.run(Spider.java:320)
	at us.codecraft.webmagic.thread.CountableThreadPool$1.run(CountableThreadPool.java:74)
	at java.util.concurrent.ThreadPoolExecutor.runWorker(ThreadPoolExecutor.java:1142)
	at java.util.concurrent.ThreadPoolExecutor$Worker.run(ThreadPoolExecutor.java:617)
	at java.lang.Thread.run(Thread.java:745)
[17/09/28 18:58:03,768] [INFO] Spider.run --> Spider huobiduihuan.51240.com closed! 1 pages downloaded.
[17/09/28 18:58:28,859] [INFO] Spider.run --> Spider huobiduihuan.51240.com started!
[17/09/28 18:58:29,334] [INFO] HttpClientDownloader.download --> downloading page success https://huobiduihuan.51240.com/
[17/09/28 18:58:30,513] [INFO] Spider.run --> Spider huobiduihuan.51240.com closed! 1 pages downloaded.
[17/09/28 18:59:04,489] [INFO] Spider.run --> Spider huobiduihuan.51240.com started!
[17/09/28 18:59:04,995] [INFO] HttpClientDownloader.download --> downloading page success https://huobiduihuan.51240.com/
[17/09/28 18:59:36,158] [INFO] Spider.run --> Spider huobiduihuan.51240.com closed! 1 pages downloaded.
